  1.800000 0.900000
  2.200000 1.100000
Case #1: 1
  1.000000 0.750000
  0.898889 0.674167
Case #2: 1
  1.000000 0.900000
  1.222222 1.100000
  1.122500 0.997778
  1.376250 1.223333
Case #3: 2
  inf 0.600000
Case #4: 0
  1.100000 0.550000
  1.300000 0.650000
  1.700000 0.850000
  1.100000 0.550000
  1.600000 0.800000
  1.400000 0.700000
  1.200000 0.600000
  1.800000 0.900000
Case #5: 3
  1.000000 0.989899
  0.928571 0.919192
  1.000000 0.990991
  0.818182 0.810811
  1.000000 0.990826
  0.925926 0.917431
  1.007143 0.997642
  0.927381 0.918632
  1.000000 0.990099
  0.900000 0.891089
  1.000000 0.990991
  0.835227 0.827703
  1.005102 0.994949
  1.088010 1.077020
  1.000000 0.989691
  1.088542 1.077320
Case #6: 8
  1.000000 0.999518
  1.074807 1.074288
  1.000000 0.999567
  0.892785 0.892399
  1.000000 0.999484
  1.152219 1.151625
  1.000000 0.999503
  1.041232 1.040715
  1.000000 0.999523
  0.901718 0.901288
  1.000000 0.999542
  1.009323 1.008860
  1.000000 0.999557
  0.902926 0.902525
Case #7: 7
  1.000209 0.999791
  1.000000 0.999260
  1.000000 0.998573
  1.000342 0.999658
Case #8: 4
  1.000000 0.994709
  1.130319 1.124339
  1.003363 0.998884
  0.861734 0.857887
  1.000000 0.995305
  0.849057 0.845070
  1.000000 0.995475
  0.975758 0.971342
Case #9: 4
  1.000000 0.999167
  1.000000 0.999167
  1.000000 0.999162
  0.926236 0.925461
  1.000000 0.999192
  0.873080 0.872375
  1.000000 0.999243
  0.831818 0.831188
Case #10: 4
  1.000000 0.998844
  1.000000 0.998991
  1.000410 0.999386
Case #11: 3
  1.000000 0.500000
  1.000000 0.833333
  1.000000 0.916667
  1.000000 0.750000
  1.000000 0.500000
  1.000000 0.500000
  1.000000 0.916667
Case #12: 7
  1.000000 0.500000
  1.000000 0.500000
  1.000000 0.500000
  1.000000 0.500000
  1.000000 0.500000
  1.000000 0.500000
  1.000000 0.900000
  1.222222 1.100000
  1.000000 0.916667
  0.090909 0.083333
  1.000000 0.500000
  1.000000 0.500000
  1.000000 0.500000
  1.000000 0.500000
  1.000000 0.500000
  9.000000 4.500000
Case #13: 8
  1.008163 0.998652
  1.000000 0.995025
  1.000000 0.997783
  1.000000 0.996540
  1.000339 0.997974
  1.000514 0.998718
Case #14: 6
  1.000095 0.999336
  0.975797 0.975057
  1.000102 0.999290
  1.143176 1.142248
  1.000207 0.999380
  1.037045 1.036187
  1.000000 0.999153
  0.990776 0.989936
  1.000000 0.999218
  1.021143 1.020344
  1.000000 0.999234
  1.076016 1.075192
  1.000092 0.999355
  1.034133 1.033370
  1.000631 0.999910
  1.038933 1.038184
Case #15: 8
  1.000000 0.995025
  1.000000 0.999511
  1.000110 0.999669
  1.000939 0.999687
  1.000000 0.999286
  1.000374 0.999626
  1.000303 0.999697
  1.000000 0.996310
Case #16: 8
  1.002778 0.997238
  3.055556 3.038674
  1.001596 0.998939
  1.055186 1.052387
  1.000000 0.997783
  1.366667 1.363636
  1.000979 0.999349
  0.357667 0.357085
  1.000000 0.996678
  1.000000 0.996678
  1.003670 0.994545
  0.938073 0.929545
Case #17: 6
  1.000000 0.916667
  0.727273 0.666667
  1.000000 0.750000
  2.333333 1.750000
  1.000000 0.875000
  0.142857 0.125000
  1.000000 0.666667
  1.500000 1.000000
  1.111111 0.972222
  0.285714 0.250000
  1.000000 0.833333
  1.800000 1.500000
  1.000000 0.500000
  9.000000 4.500000
  1.000000 0.916667
  0.454545 0.416667
Case #18: 8
  1.006289 0.996885
Case #19: 1
  1.000000 0.999497
  1.222222 1.221608
  1.000000 0.999497
  1.123529 1.122965
  1.000000 0.999546
  1.000000 0.999546
  1.000000 0.999530
  1.144000 1.143462
  1.000000 0.999546
  1.036133 1.035662
  1.000215 0.999785
  0.876389 0.876012
  1.000000 0.999549
  0.977617 0.977176
  1.000000 0.999512
  1.075684 1.075159
Case #20: 8
  1.001701 0.991582
Case #21: 1
  1.000000 0.500000
  0.900000 0.450000
  1.000000 0.500000
  11.000000 5.500000
  1.000000 0.500000
  1.000000 0.500000
  1.000000 0.500000
  1.000000 0.500000
  1.000000 0.500000
  0.900000 0.450000
  1.000000 0.900000
  0.111111 0.100000
  1.000000 0.916667
  0.081818 0.075000
  1.000000 0.500000
  9.000000 4.500000
Case #22: 8
  1.000913 0.998179
  1.688280 1.683667
  1.001190 0.999050
  0.773257 0.771605
  1.006289 0.996885
  1.886792 1.869159
  1.000000 0.996310
  1.222222 1.217712
  1.001288 0.999633
  0.178624 0.178329
  1.000000 0.995025
  2.305000 2.293532
  1.000000 0.998573
  1.000000 0.998573
Case #23: 7
  inf 0.979554
  1.320604 0.660302
  inf 0.878532
Case #24: 1
  1.000000 0.500000
  3.666667 1.833333
  1.000000 0.888889
  0.125000 0.111111
  1.200000 0.900000
  2.666667 2.000000
Case #25: 3
  1.000000 0.996979
  1.001333 0.998670
  1.000693 0.999308
  1.000000 0.998480
  1.000000 0.998004
  1.000000 0.995455
  1.000000 0.998865
  1.004587 0.995455
Case #26: 8
  1.000000 0.998185
  0.333182 0.332577
  1.000000 0.998775
  0.490798 0.490196
  1.000000 0.997506
  0.755625 0.753741
  1.000000 0.996835
  1.957937 1.951741
  1.000000 0.998230
  1.532358 1.529646
  1.005319 0.994737
  6.736702 6.665789
  1.000000 0.998512
  0.670641 0.669643
  1.000000 0.994872
  0.523196 0.520513
Case #27: 8
  1.000247 0.999589
  1.082183 1.081472
  1.000000 0.999567
  0.441198 0.441007
  1.000240 0.999282
  0.698786 0.698116
  1.000000 0.999524
  0.900000 0.899572
  1.000663 0.999338
  1.790230 1.787859
  1.000167 0.999498
  1.406564 1.405622
Case #28: 6
  1.000308 0.999077
  0.887794 0.886702
  1.000000 0.998613
  1.158642 1.157035
  1.000982 0.999673
  1.044939 1.043573
  1.000593 0.999408
  1.043891 1.042654
Case #29: 4
  1.087500 0.966667
  1.085714 0.950000
  1.000000 0.900000
  1.200000 0.960000
  1.000000 0.833333
Case #30: 5
  1.000266 0.999734
  1.118148 1.117553
  1.000112 0.999552
  1.067227 1.066629
  1.000048 0.999569
  0.907133 0.906699
  1.000000 0.999524
  0.818182 0.817793
  1.000146 0.999660
  0.933852 0.933398
  1.000000 0.999473
  0.996834 0.996308
  1.000000 0.999419
  1.136707 1.136047
  1.000000 0.999475
  0.988583 0.988064
Case #31: 8
  1.000144 0.999641
  1.064698 1.064164
  1.000215 0.999713
  1.005530 1.005025
  1.000000 0.999546
  0.829318 0.828941
  1.000000 0.999468
  1.075838 1.075266
  1.000343 0.999863
  0.964921 0.964457
  1.000142 0.999645
  1.044110 1.043592
  1.000000 0.999500
  0.978500 0.978011
  1.000070 0.999581
  0.881057 0.880626
Case #32: 8
  1.222222 0.977778
  1.000000 0.833333
  1.000000 0.500000
  1.000000 0.900000
  1.388889 0.925926
  1.000000 0.750000
Case #33: 6
  inf 0.923696
  inf 2.101028
  1.187459 0.593729
  1.389595 0.694797
  inf 0.960471
  inf 2.750842
  1.338656 0.669328
  inf 0.577949
  inf 0.080581
Case #34: 2
  1.040822 0.693882
  1.522724 1.015149
  1.302543 0.651271
  1.223668 0.611834
  inf 0.540683
  1.044635 0.696423
  1.074095 0.716064
  1.897684 0.948842
  2.894156 1.447078
  1.950971 0.975486
  2.386884 1.193442
  1.061914 0.707943
  1.004358 0.669572
Case #35: 5
  1.002347 0.997664
  0.929577 0.925234
  1.002564 0.997449
  1.128205 1.122449
  1.000000 0.994475
  1.000000 0.994475
  1.000000 0.995475
  0.852273 0.848416
  1.002674 0.997340
  1.026738 1.021277
  1.000000 0.994924
  1.033163 1.027919
  1.000000 0.994975
  0.994949 0.989950
Case #36: 7
  1.000000 0.750000
  1.000000 0.750000
  1.095238 0.958333
  0.857143 0.750000
  1.222222 0.916667
  3.000000 2.250000
  1.000000 0.916667
  0.363636 0.333333
  1.000000 0.666667
  1.000000 0.666667
  1.133333 0.944444
  1.300000 1.083333
Case #37: 6
  1.001948 0.998706
  1.298701 1.294498
  1.000000 0.989247
  3.315217 3.279570
  1.000000 0.997506
  0.247500 0.246883
  1.001630 0.996216
  1.048913 1.043243
Case #38: 4
  1.562532 0.781266
  1.187926 0.890945
  1.160617 0.870463
  1.091328 0.909440
  4.252661 3.543884
  1.093530 0.911275
  4.136633 3.447194
  1.183509 0.887632
  1.294405 0.970804
  19.073686 14.305265
  1.240516 0.992412
  9.941173 7.952938
Case #39: 4
  1.000000 0.900000
  1.222222 1.100000
Case #40: 1
  1.000000 0.500000
  1.000000 0.800000
  1.000000 0.916667
  1.000000 0.666667
  1.000000 0.888889
  1.000000 0.916667
  1.000000 0.500000
Case #41: 7
  inf 0.966073
  inf 0.155242
  1.047399 0.523700
  1.165887 0.582943
  inf 0.698056
  1.179668 0.589834
Case #42: 2
  1.000000 0.999636
  1.000591 0.999934
  1.000493 0.999261
  1.000000 0.997835
  1.000425 0.999717
  1.000000 0.999546
  1.000624 0.999733
  1.000000 0.999600
Case #43: 8
  1.000000 0.999999
  0.999992 0.999991
  1.000000 0.999999
  0.999992 0.999991
  1.000000 0.999999
  0.999992 0.999991
  1.000000 0.999999
  0.999992 0.999991
  1.000000 0.999999
  0.999992 0.999991
  1.000000 0.999999
  0.999992 0.999991
  1.000000 0.999999
  0.999992 0.999991
  1.000000 0.999999
  0.999992 0.999991
Case #44: 8
  1.007500 0.997525
  1.000000 0.995000
  1.000000 0.996678
  1.000000 0.997732
  1.000214 0.998507
  1.001204 0.999279
Case #45: 6
  1.000000 0.994845
Case #46: 1
  1.000345 0.999885
  1.001423 0.999797
  1.000000 0.999537
  1.000000 0.999567
  1.000536 0.999679
  1.000000 0.999524
Case #47: 6
  1.000000 0.999546
  1.061909 1.061427
  1.000099 0.999652
  0.984781 0.984340
Case #48: 2
  1.023534 0.950425
  5.325861 4.945442
  1.031516 0.970839
  4.191824 3.945246
  1.052335 0.996949
  3.834359 3.632551
  1.005375 0.952461
  3.510151 3.325406
  1.013962 0.950589
  4.111903 3.854909
  1.169267 0.974389
  12.291826 10.243188
  1.028894 0.971733
  3.667307 3.463567
  1.298328 0.865552
Case #49: 7
  1.000000 0.998573
  1.000414 0.998347
  1.000000 0.998435
  1.000000 0.997613
  1.000000 0.995025
  1.000000 0.996979
  1.006522 0.995699
Case #50: 7
  1.285461 0.642730
  1.270499 0.635249
  1.408985 0.704493
  inf 0.531542
  1.500262 0.750131
  1.153376 0.576688
  1.422313 0.711156
  1.541050 0.770525
Case #51: 0
  1.000000 0.999092
  1.000000 0.999092
  1.004324 0.998925
  1.007027 1.001613
Case #52: 2
  inf 0.708544
  inf 0.428569
  inf 0.580559
  1.078916 0.539458
  1.084450 0.542225
  inf 0.854111
  inf 0.903625
Case #53: 3
  1.034037 0.919144
  1.073350 0.966015
  1.140814 0.977841
Case #54: 3
  1.000000 0.999071
  0.295017 0.294742
  1.000228 0.999772
  0.319489 0.319343
  1.001538 0.998466
  6.578901 6.558720
  1.000000 0.998415
  1.222222 1.220285
  1.000000 0.998573
  1.491633 1.489505
Case #55: 5
  1.000000 0.999375
Case #56: 1
  1.000000 0.999446
  1.000000 0.999498
  1.000000 0.999478
  1.000000 0.999428
Case #57: 4
  1.000000 0.875000
  0.904762 0.791667
  1.000000 0.800000
  1.000000 0.800000
  1.027778 0.880952
  1.083333 0.928571
Case #58: 3
  1.000000 0.998058
  1.000000 0.999495
  1.000000 0.999412
  1.000000 0.990991
  1.000000 0.990291
  1.000000 0.999208
  1.000699 0.998605
  1.000689 0.998625
Case #59: 8
  1.056349 0.994211
  0.226780 0.213440
  1.228592 0.819061
  1.072686 0.983295
  0.409446 0.375325
  1.031918 0.884502
  0.624383 0.535185
  1.011216 0.955038
  0.193361 0.182619
  1.018223 0.814578
  0.404821 0.323857
  1.035477 0.977950
  0.233642 0.220662
Case #60: 6
  1.001298 0.997845
  1.019031 1.015517
  1.000000 0.996979
  0.818182 0.815710
Case #61: 2
  1.000000 0.998152
  0.804167 0.802680
  1.001221 0.999391
  0.884615 0.882998
  1.000000 0.989011
  2.222222 2.197802
  1.002245 0.998881
  2.222222 2.214765
  1.000000 0.995025
  0.550000 0.547264
  1.000380 0.998106
  0.638952 0.637500
Case #62: 6
  1.000943 0.999529
  1.000000 0.999001
  1.000000 0.999636
  1.000318 0.999841
  1.000000 0.999500
  1.000000 0.999088
Case #63: 6
  1.071429 0.937500
  1.000000 0.800000
  1.000000 0.857143
Case #64: 3
  1.000000 0.900000
  0.222222 0.200000
  1.093750 0.972222
  0.125000 0.111111
  1.000000 0.666667
  1.000000 0.666667
  1.000000 0.500000
  11.000000 5.500000
  1.000000 0.666667
  2.000000 1.333333
  1.000000 0.800000
  0.500000 0.400000
  1.000000 0.666667
  4.500000 3.000000
  1.000000 0.916667
  0.727273 0.666667
Case #65: 8
  1.433527 0.955685
  23.785441 15.856961
  1.141008 0.855756
  1.357872 0.905248
  17.724288 11.816192
  1.454567 0.969711
  23.457177 15.638118
  1.058793 0.794094
  15.558836 11.669127
  1.025398 0.683599
  19.566371 13.044247
  1.138510 0.853883
  1.006449 0.670966
  24.375597 16.250398
Case #66: 6
  1.007055 0.979837
  1.018581 0.905405
  1.041240 0.979991
  1.017598 0.990819
  1.041093 0.995828
  1.028142 0.993871
  1.017714 0.971455
  1.023212 0.995558
Case #67: 8
  1.000000 0.500000
  1.000000 0.500000
  1.000000 0.500000
  1.000000 0.500000
  1.000000 0.500000
  1.000000 0.500000
  1.000000 0.500000
  1.000000 0.500000
Case #68: 4
  1.000154 0.999614
  1.027027 1.026472
  1.000394 0.999842
  1.084373 1.083775
  1.000000 0.999477
  0.927891 0.927406
  1.000000 0.999474
  1.011474 1.010942
Case #69: 4
  1.000545 0.999728
  1.024918 1.024082
Case #70: 1
  1.000528 0.999208
  1.036988 1.035620
  1.000262 0.999608
  1.043950 1.043268
Case #71: 2
  1.000000 0.999351
  0.818182 0.817651
  1.000384 0.999616
  1.062852 1.062036
  1.000085 0.999408
  0.910404 0.909788
  1.000000 0.999286
  0.988571 0.987866
  1.000333 0.999667
  0.840000 0.839440
  1.000097 0.999322
  1.118697 1.117829
  1.000000 0.999351
  0.909091 0.908501
Case #72: 7
  1.000192 0.999233
Case #73: 1
  1.678335 0.839168
  1.134607 0.756404
  1.050351 0.700234
  3.216276 2.144184
  inf 0.651421
  1.466523 0.733261
  1.126115 0.750743
  1.123240 0.748827
  1.371241 0.685620
Case #74: 1
  1.000000 0.857143
  1.000000 0.916667
  1.083333 0.812500
  1.375000 0.916667
  1.000000 0.750000
  1.250000 0.937500
Case #75: 6
  1.000196 0.999608
  1.000000 0.999446
  1.000000 0.999446
  1.000000 0.999498
  1.000279 0.999721
  1.000000 0.999491
  1.000174 0.999653
  1.000357 0.999822
Case #76: 8
  1.000000 0.999495
  0.848990 0.848561
  1.000000 0.999454
  0.982523 0.981987
  1.000358 0.999761
  1.043854 1.043232
  1.000000 0.999445
  1.049444 1.048862
  1.000000 0.999459
  0.877098 0.876623
  1.000000 0.999495
  0.818182 0.817769
  1.000000 0.999445
  1.000000 0.999445
  1.000244 0.999634
  1.097561 1.096892
Case #77: 8
  1.000000 0.500000
  1.000000 0.500000
  1.000000 0.500000
  1.000000 0.500000
  1.000000 0.900000
  0.111111 0.100000
  1.000000 0.500000
  1.000000 0.500000
  1.000000 0.500000
  11.000000 5.500000
Case #78: 5
  1.000000 0.998703
  0.818182 0.817121
  1.000312 0.997823
  0.235037 0.234453
  1.000000 0.995475
  0.818182 0.814480
  1.000000 0.996678
  1.409167 1.404485
  1.008929 0.998737
  6.632653 6.565657
  1.000000 0.998752
  0.375000 0.374532
  1.001101 0.998901
  1.762115 1.758242
  1.000230 0.998392
  0.913444 0.911765
Case #79: 8
  1.000000 0.998675
  0.954907 0.953642
  1.000000 0.998865
  0.857386 0.856413
Case #80: 2
  1.893903 0.946952
  1.562421 0.781211
  1.266913 0.633457
  1.660237 0.830119
Case #81: 1
  1.000061 0.999570
  1.000000 0.999430
  1.000000 0.999474
  1.000470 0.999933
  1.000000 0.999474
  1.000000 0.999522
Case #82: 6
  1.000000 0.999522
  0.818182 0.817791
Case #83: 1
  1.000000 0.998182
  1.000513 0.998805
  1.000000 0.998397
  1.000000 0.998350
  1.000000 0.998344
  1.000519 0.998791
  1.001377 0.999656
  1.000000 0.998487
Case #84: 8
  inf 0.900000
  inf 0.900001
  inf 0.899999
Case #85: 2
  1.000197 0.999803
  1.031693 1.031287
  1.000000 0.999636
  0.930591 0.930253
  1.000000 0.999601
  0.898921 0.898562
  1.000144 0.999713
  0.991376 0.990948
  1.000352 0.999930
  1.058351 1.057904
Case #86: 5
  1.000000 0.995025
  1.000000 0.989011
  1.000000 0.996678
  1.000000 0.997429
Case #87: 4
  1.000000 0.833333
  1.800000 1.500000
  1.000000 0.833333
  0.942857 0.785714
  1.000000 0.875000
  0.979592 0.857143
  1.000000 0.900000
  0.888889 0.800000
  1.000000 0.916667
  1.000000 0.916667
  1.000000 0.888889
  0.678571 0.603175
  1.000000 0.833333
  1.028571 0.857143
  1.000000 0.857143
  0.833333 0.714286
Case #88: 8
  1.000000 0.900000
  0.777778 0.700000
  1.222222 0.916667
  3.666667 2.750000
  1.074074 0.805556
  3.666667 2.750000
  1.047619 0.916667
  0.285714 0.250000
  1.000000 0.500000
  1.000000 0.500000
  1.000000 0.900000
  0.444444 0.400000
  1.000000 0.875000
  1.142857 1.000000
  1.055556 0.703704
  1.500000 1.000000
Case #89: 8
  1.000000 0.996610
  2.157823 2.150508
  1.000000 0.990099
  4.400000 4.356436
  1.000000 0.997230
  0.796111 0.793906
  1.000000 0.998004
  0.404800 0.403992
  1.000000 0.998347
  0.181126 0.180826
  1.000000 0.994475
  2.777778 2.762431
  1.000000 0.998739
  0.888636 0.887516
  1.000000 0.998599
  1.119495 1.117927
Case #90: 8
  inf 0.500000
  inf 0.600000
  inf 0.300000
  inf 0.700000
  inf 0.200000
  inf 0.800000
  inf 0.400000
  inf 0.100000
Case #91: 0
  inf 0.900000
  inf 1.000000
  inf 0.900000
  inf 1.000000
  1.000000 0.500000
  1.000000 0.500000
  1.000000 0.500000
  1.000000 0.500000
  1.000000 0.900000
  0.111111 0.100000
  1.000000 0.500000
  11.000000 5.500000
  1.000000 0.500000
  1.000000 0.500000
Case #92: 7
  inf 0.872578
  inf 0.177419
  1.389559 0.694780
  inf 0.758136
  1.396700 0.698350
  1.246720 0.623360
  1.136649 0.568325
  inf 0.487498
Case #93: 0
  1.000000 0.998004
  1.000000 0.998004
  1.000000 0.998004
  0.933333 0.931470
  1.001684 0.999580
  1.052632 1.050420
  1.001770 0.999558
  1.067109 1.064753
  1.000000 0.998185
  0.909091 0.907441
  1.001559 0.999611
  0.877193 0.875486
Case #94: 6
  1.000000 0.999524
Case #95: 1
  1.000110 0.999560
  0.991189 0.990644
  1.000367 0.999756
  1.205301 1.204564
  1.000000 0.999445
  1.013889 1.013326
  1.000000 0.999383
  1.102881 1.102200
  1.000000 0.999399
  1.069311 1.068669
  1.000449 0.999888
  1.110488 1.109865
Case #96: 6
  1.000000 0.500000
  1.000000 0.500000
  1.000000 0.900000
  0.111111 0.100000
  1.000000 0.500000
  1.000000 0.500000
  1.000000 0.500000
  1.000000 0.500000
  1.000000 0.500000
  1.000000 0.500000
  1.000000 0.500000
  1.000000 0.500000
  1.000000 0.500000
  11.000000 5.500000
Case #97: 7
  1.000000 0.999280
  0.973324 0.972622
  1.000000 0.990000
  10.101010 10.000000
  1.000000 0.999453
  1.386559 1.385800
  1.000000 0.999394
  1.134978 1.134291
  1.000000 0.999451
  0.694595 0.694214
  1.000000 0.996622
  0.342857 0.341699
  1.000000 0.999601
  0.111365 0.111320
  1.000000 0.999001
  1.855286 1.853432
Case #98: 8
  1.061824 0.849459
  1.435194 0.956796
  1.261047 0.945785
  1.163064 0.872298
  1.242757 0.932068
Case #99: 4
  1.000000 0.999355
  0.774693 0.774194
  1.000000 0.999537
  0.601852 0.601573
  1.000917 0.999542
  0.388927 0.388393
  1.000000 0.996894
  5.119548 5.103649
  1.000000 0.999231
  0.217692 0.217525
  1.000000 0.999382
  0.458694 0.458411
  1.000000 0.999167
  1.311354 1.310262
  1.001212 0.997585
  9.600000 9.565217
Case #100: 8
