Case #1:
10000000000000011111111111111111 3 2 3 2 7 2 3 2 3
10000000000000101111111111111111 5 2 3 2 37 2 5 2 3
10000000000000110111111111111111 3 2 3 2 7 2 3 2 3
10000000000000111101111111111111 3 2 3 2 7 2 3 2 3
10000000000000111110111111111111 5 2 3 2 37 2 5 2 3
10000000000000111111011111111111 3 2 3 2 7 2 3 2 3
10000000000000111111101111111111 7 2 3 2 13 2 73 2 3
10000000000000111111110111111111 3 2 3 2 7 2 3 2 3
10000000000000111111111011111111 5 2 3 2 37 2 5 2 3
10000000000000111111111101111111 3 2 3 2 7 2 3 2 3
10000000000000111111111111011111 3 2 3 2 7 2 3 2 3
10000000000000111111111111101111 5 2 3 2 19 2 5 2 3
10000000000000111111111111110111 3 2 3 2 7 2 3 2 3
10000000000000111111111111111101 3 2 3 2 7 2 3 2 3
10000000000001001111111111111111 3 2 3 2 7 2 3 2 3
10000000000001010111111111111111 5 2 3 2 37 2 5 2 3
10000000000001011011111111111111 3 2 3 2 7 2 3 2 3
10000000000001011110111111111111 3 2 3 2 7 2 3 2 3
10000000000001011111011111111111 5 2 3 2 37 2 5 2 3
10000000000001011111101111111111 3 2 3 2 7 2 3 2 3
10000000000001011111111011111111 3 2 3 2 7 2 3 2 3
10000000000001011111111101111111 5 2 3 2 37 2 5 2 3
10000000000001011111111110111111 3 2 3 2 7 2 3 2 3
10000000000001011111111111101111 3 2 3 2 7 2 3 2 3
10000000000001011111111111110111 5 2 3 2 11 2 5 2 3
10000000000001011111111111111011 3 2 3 2 7 2 3 2 3
10000000000001100111111111111111 3 2 3 2 7 2 3 2 3
10000000000001101011111111111111 5 2 3 2 37 2 5 2 3
10000000000001101101111111111111 3 2 3 2 7 2 3 2 3
10000000000001101110111111111111 7 2 3 2 43 2 11 2 3
10000000000001101111011111111111 3 2 3 2 7 2 3 2 3
10000000000001101111101111111111 5 2 3 2 37 2 5 2 3
10000000000001101111110111111111 3 2 3 2 7 2 3 2 3
10000000000001101111111101111111 3 2 3 2 7 2 3 2 3
10000000000001101111111110111111 5 2 3 2 29 2 5 2 3
10000000000001101111111111011111 3 2 3 2 7 2 3 2 3
10000000000001101111111111110111 3 2 3 2 7 2 3 2 3
10000000000001101111111111111011 5 2 3 2 37 2 5 2 3
10000000000001101111111111111101 3 2 3 2 7 2 3 2 3
10000000000001110011111111111111 3 2 3 2 7 2 3 2 3
10000000000001110101111111111111 5 2 3 2 37 2 5 2 3
10000000000001110110111111111111 3 2 3 2 7 2 3 2 3
10000000000001110111101111111111 3 2 3 2 7 2 3 2 3
10000000000001110111110111111111 5 2 3 2 23 2 5 2 3
10000000000001110111111011111111 3 2 3 2 7 2 3 2 3
10000000000001110111111101111111 7 2 3 2 43 2 11 2 3
10000000000001110111111110111111 3 2 3 2 7 2 3 2 3
10000000000001110111111111011111 5 2 3 2 37 2 5 2 3
10000000000001110111111111101111 3 2 3 2 7 2 3 2 3
10000000000001110111111111110111 11 2 3 2 13 2 1163 2 3
10000000000001110111111111111011 3 2 3 2 7 2 3 2 3
10000000000001110111111111111101 5 2 3 2 37 2 5 2 3
10000000000001111001111111111111 3 2 3 2 7 2 3 2 3
10000000000001111010111111111111 5 2 3 2 37 2 5 2 3
10000000000001111011011111111111 3 2 3 2 7 2 3 2 3
10000000000001111011110111111111 3 2 3 2 7 2 3 2 3
10000000000001111011111011111111 5 2 3 2 37 2 5 2 3
10000000000001111011111101111111 3 2 3 2 7 2 3 2 3
10000000000001111011111111011111 3 2 3 2 7 2 3 2 3
10000000000001111011111111101111 5 2 3 2 37 2 5 2 3
10000000000001111011111111110111 3 2 3 2 7 2 3 2 3
10000000000001111011111111111101 3 2 3 2 7 2 3 2 3
10000000000001111100111111111111 3 2 3 2 7 2 3 2 3
10000000000001111101011111111111 5 2 3 2 37 2 5 2 3
10000000000001111101101111111111 3 2 3 2 7 2 3 2 3
10000000000001111101110111111111 7 2 3 2 19 2 73 2 3
10000000000001111101111011111111 3 2 3 2 7 2 3 2 3
10000000000001111101111101111111 5 2 3 2 11 2 5 2 3
10000000000001111101111110111111 3 2 3 2 7 2 3 2 3
10000000000001111101111111101111 3 2 3 2 7 2 3 2 3
10000000000001111101111111110111 5 2 3 2 37 2 5 2 3
10000000000001111101111111111011 3 2 3 2 7 2 3 2 3
10000000000001111110011111111111 3 2 3 2 7 2 3 2 3
10000000000001111110101111111111 5 2 3 2 11 2 5 2 3
10000000000001111110110111111111 3 2 3 2 7 2 3 2 3
10000000000001111110111011111111 11 2 3 2 17 2 29 2 3
10000000000001111110111101111111 3 2 3 2 7 2 3 2 3
10000000000001111110111110111111 5 2 3 2 37 2 5 2 3
10000000000001111110111111011111 3 2 3 2 7 2 3 2 3
10000000000001111110111111101111 7 2 3 2 43 2 53 2 3
10000000000001111110111111110111 3 2 3 2 7 2 3 2 3
10000000000001111110111111111011 5 2 3 2 19 2 5 2 3
10000000000001111110111111111101 3 2 3 2 7 2 3 2 3
10000000000001111111001111111111 3 2 3 2 7 2 3 2 3
10000000000001111111010111111111 5 2 3 2 13 2 5 2 3
10000000000001111111011011111111 3 2 3 2 7 2 3 2 3
10000000000001111111011101111111 2473 2 3 2 137 2 1061 2 3
10000000000001111111011110111111 3 2 3 2 7 2 3 2 3
10000000000001111111011111011111 5 2 3 2 17 2 5 2 3
10000000000001111111011111101111 3 2 3 2 7 2 3 2 3
10000000000001111111011111111011 3 2 3 2 7 2 3 2 3
10000000000001111111011111111101 5 2 3 2 37 2 5 2 3
10000000000001111111100111111111 3 2 3 2 7 2 3 2 3
10000000000001111111101011111111 5 2 3 2 37 2 5 2 3
10000000000001111111101101111111 3 2 3 2 7 2 3 2 3
10000000000001111111101110111111 7 2 3 2 13 2 23 2 3
10000000000001111111101111011111 3 2 3 2 7 2 3 2 3
10000000000001111111101111101111 5 2 3 2 37 2 5 2 3
10000000000001111111101111110111 3 2 3 2 7 2 3 2 3
10000000000001111111101111111101 3 2 3 2 7 2 3 2 3
10000000000001111111110011111111 3 2 3 2 7 2 3 2 3
10000000000001111111110101111111 5 2 3 2 37 2 5 2 3
10000000000001111111110110111111 3 2 3 2 7 2 3 2 3
10000000000001111111110111101111 3 2 3 2 7 2 3 2 3
10000000000001111111110111110111 5 2 3 2 37 2 5 2 3
10000000000001111111110111111011 3 2 3 2 7 2 3 2 3
10000000000001111111110111111101 7 2 3 2 43 2 73 2 3
10000000000001111111111001111111 3 2 3 2 7 2 3 2 3
10000000000001111111111010111111 5 2 3 2 37 2 5 2 3
10000000000001111111111011011111 3 2 3 2 7 2 3 2 3
10000000000001111111111011110111 3 2 3 2 7 2 3 2 3
10000000000001111111111011111011 5 2 3 2 37 2 5 2 3
10000000000001111111111011111101 3 2 3 2 7 2 3 2 3
10000000000001111111111100111111 3 2 3 2 7 2 3 2 3
10000000000001111111111101011111 5 2 3 2 37 2 5 2 3
10000000000001111111111101101111 3 2 3 2 7 2 3 2 3
10000000000001111111111101110111 7 2 3 2 11 2 73 2 3
10000000000001111111111101111011 3 2 3 2 7 2 3 2 3
10000000000001111111111101111101 5 2 3 2 37 2 5 2 3
10000000000001111111111110011111 3 2 3 2 7 2 3 2 3
10000000000001111111111110101111 5 2 3 2 17 2 5 2 3
10000000000001111111111110110111 3 2 3 2 7 2 3 2 3
10000000000001111111111110111011 59 2 3 2 29 2 11 2 3
10000000000001111111111110111101 3 2 3 2 7 2 3 2 3
10000000000001111111111111001111 3 2 3 2 7 2 3 2 3
10000000000001111111111111010111 5 2 3 2 37 2 5 2 3
10000000000001111111111111011011 3 2 3 2 7 2 3 2 3
10000000000001111111111111100111 3 2 3 2 7 2 3 2 3
10000000000001111111111111101011 5 2 3 2 37 2 5 2 3
10000000000001111111111111101101 3 2 3 2 7 2 3 2 3
10000000000001111111111111110011 3 2 3 2 7 2 3 2 3
10000000000001111111111111110101 5 2 3 2 37 2 5 2 3
10000000000001111111111111111001 3 2 3 2 7 2 3 2 3
10000000000010001111111111111111 17 2 3 2 11 2 17 2 3
10000000000010010111111111111111 3 2 3 2 7 2 3 2 3
10000000000010011101111111111111 3 2 3 2 7 2 3 2 3
10000000000010011111011111111111 3 2 3 2 7 2 3 2 3
10000000000010011111110111111111 3 2 3 2 7 2 3 2 3
10000000000010011111111011111111 11 2 3 2 17 2 17 2 3
10000000000010011111111101111111 3 2 3 2 7 2 3 2 3
10000000000010011111111111011111 3 2 3 2 7 2 3 2 3
10000000000010011111111111101111 191 2 3 2 13 2 137 2 3
10000000000010011111111111110111 3 2 3 2 7 2 3 2 3
10000000000010011111111111111101 3 2 3 2 7 2 3 2 3
10000000000010100111111111111111 5 2 3 2 37 2 5 2 3
10000000000010101101111111111111 7 2 3 2 43 2 73 2 3
10000000000010101111011111111111 5 2 3 2 37 2 5 2 3
10000000000010101111101111111111 7 2 3 2 43 2 73 2 3
10000000000010101111110111111111 17 2 3 2 19 2 17 2 3
10000000000010101111111101111111 5 2 3 2 11 2 5 2 3
10000000000010101111111111101111 7 2 3 2 17 2 73 2 3
10000000000010101111111111110111 5 2 3 2 37 2 5 2 3
10000000000010101111111111111101 7 2 3 2 43 2 17 2 3
10000000000010110101111111111111 3 2 3 2 7 2 3 2 3
10000000000010110110111111111111 5 2 3 2 11 2 5 2 3
10000000000010110111011111111111 3 2 3 2 7 2 3 2 3
10000000000010110111110111111111 3 2 3 2 7 2 3 2 3
10000000000010110111111011111111 5 2 3 2 13 2 5 2 3
10000000000010110111111101111111 3 2 3 2 7 2 3 2 3
10000000000010110111111111011111 3 2 3 2 7 2 3 2 3
10000000000010110111111111101111 5 2 3 2 23 2 5 2 3
10000000000010110111111111110111 3 2 3 2 7 2 3 2 3
10000000000010110111111111111101 3 2 3 2 7 2 3 2 3
10000000000010111011101111111111 37 2 3 2 4903 2 5 2 3
10000000000010111011111011111111 293 2 3 2 11 2 47 2 3
10000000000010111100111111111111 59 2 3 2 97 2 1861 2 3
10000000000010111101011111111111 3 2 3 2 7 2 3 2 3
10000000000010111101101111111111 7 2 3 2 19 2 47 2 3
10000000000010111101110111111111 3 2 3 2 7 2 3 2 3
10000000000010111101111101111111 3 2 3 2 7 2 3 2 3
10000000000010111101111111011111 3 2 3 2 7 2 3 2 3
10000000000010111101111111101111 7 2 3 2 43 2 73 2 3
10000000000010111101111111110111 3 2 3 2 7 2 3 2 3
10000000000010111101111111111101 3 2 3 2 7 2 3 2 3
10000000000010111110011111111111 5 2 3 2 37 2 5 2 3
10000000000010111110111101111111 5 2 3 2 37 2 5 2 3
10000000000010111110111111110111 5 2 3 2 37 2 5 2 3
10000000000010111110111111111011 17 2 3 2 13 2 163 2 3
10000000000010111111001111111111 991 2 3 2 83 2 823 2 3
10000000000010111111010111111111 3 2 3 2 7 2 3 2 3
10000000000010111111011011111111 5 2 3 2 37 2 5 2 3
10000000000010111111011101111111 3 2 3 2 7 2 3 2 3
10000000000010111111011111011111 3 2 3 2 7 2 3 2 3
10000000000010111111011111101111 5 2 3 2 37 2 5 2 3
10000000000010111111011111110111 3 2 3 2 7 2 3 2 3
10000000000010111111011111111101 3 2 3 2 7 2 3 2 3
10000000000010111111101011111111 457 2 3 2 47 2 29 2 3
10000000000010111111101101111111 7 2 3 2 13 2 11 2 3
10000000000010111111101110111111 11 2 3 2 23 2 5 2 3
10000000000010111111101111011111 23 2 3 2 17 2 41 2 3
10000000000010111111101111101111 7 2 3 2 19 2 73 2 3
10000000000010111111101111111101 7 2 3 2 43 2 67 2 3
10000000000010111111110011111111 17 2 3 2 1297 2 17 2 3
10000000000010111111110101111111 3 2 3 2 7 2 3 2 3
10000000000010111111110111011111 3 2 3 2 7 2 3 2 3
10000000000010111111110111101111 43 2 3 2 757 2 907 2 3
10000000000010111111110111110111 3 2 3 2 7 2 3 2 3
10000000000010111111110111111101 3 2 3 2 7 2 3 2 3
10000000000010111111111001111111 5 2 3 2 37 2 5 2 3
10000000000010111111111011110111 5 2 3 2 13 2 5 2 3
10000000000010111111111011111101 17 2 3 2 17 2 17 2 3
10000000000010111111111101011111 3 2 3 2 7 2 3 2 3
10000000000010111111111101101111 5 2 3 2 37 2 5 2 3
10000000000010111111111101110111 3 2 3 2 7 2 3 2 3
10000000000010111111111101111101 3 2 3 2 7 2 3 2 3
10000000000010111111111111001111 47 2 3 2 13 2 11 2 3
10000000000010111111111111010111 3 2 3 2 7 2 3 2 3
10000000000010111111111111011101 3 2 3 2 7 2 3 2 3
10000000000010111111111111100111 5 2 3 2 37 2 5 2 3
10000000000010111111111111101011 13 2 3 2 829 2 53 2 3
10000000000010111111111111101101 7 2 3 2 19 2 73 2 3
10000000000010111111111111110101 3 2 3 2 7 2 3 2 3
10000000000011000111111111111111 3 2 3 2 7 2 3 2 3
10000000000011001101111111111111 3 2 3 2 7 2 3 2 3
10000000000011001110111111111111 191 2 3 2 1061 2 937 2 3
10000000000011001111011111111111 3 2 3 2 7 2 3 2 3
10000000000011001111101111111111 13 2 3 2 1297 2 17 2 3
10000000000011001111110111111111 3 2 3 2 7 2 3 2 3
10000000000011001111111101111111 3 2 3 2 7 2 3 2 3
10000000000011001111111110111111 37 2 3 2 13 2 11 2 3
10000000000011001111111111011111 3 2 3 2 7 2 3 2 3
10000000000011001111111111110111 3 2 3 2 7 2 3 2 3
10000000000011001111111111111011 17 2 3 2 53 2 17 2 3
10000000000011001111111111111101 3 2 3 2 7 2 3 2 3
10000000000011010011111111111111 3 2 3 2 7 2 3 2 3
10000000000011010110111111111111 3 2 3 2 7 2 3 2 3
10000000000011010111011111111111 5 2 3 2 37 2 5 2 3
10000000000011010111101111111111 3 2 3 2 7 2 3 2 3
10000000000011010111111011111111 3 2 3 2 7 2 3 2 3
10000000000011010111111101111111 5 2 3 2 37 2 5 2 3
10000000000011010111111110111111 3 2 3 2 7 2 3 2 3
10000000000011010111111111101111 3 2 3 2 7 2 3 2 3
10000000000011010111111111110111 5 2 3 2 37 2 5 2 3
10000000000011010111111111111011 3 2 3 2 7 2 3 2 3
10000000000011010111111111111101 4889 2 3 2 109 2 37 2 3
10000000000011011001111111111111 3 2 3 2 7 2 3 2 3
10000000000011011010111111111111 587 2 3 2 383 2 31 2 3
10000000000011011011011111111111 3 2 3 2 7 2 3 2 3
10000000000011011011110111111111 3 2 3 2 7 2 3 2 3
10000000000011011011111101111111 3 2 3 2 7 2 3 2 3
10000000000011011011111111011111 3 2 3 2 7 2 3 2 3
10000000000011011011111111110111 3 2 3 2 7 2 3 2 3
10000000000011011011111111111101 3 2 3 2 7 2 3 2 3
10000000000011011100111111111111 3 2 3 2 7 2 3 2 3
10000000000011011101101111111111 3 2 3 2 7 2 3 2 3
10000000000011011101110111111111 307 2 3 2 11 2 103 2 3
10000000000011011101111011111111 3 2 3 2 7 2 3 2 3
10000000000011011101111101111111 13 2 3 2 643 2 23 2 3
10000000000011011101111110111111 3 2 3 2 7 2 3 2 3
10000000000011011101111111101111 3 2 3 2 7 2 3 2 3
10000000000011011101111111110111 113 2 3 2 787 2 37 2 3
10000000000011011101111111111011 3 2 3 2 7 2 3 2 3
10000000000011011110011111111111 3 2 3 2 7 2 3 2 3
10000000000011011110110111111111 3 2 3 2 7 2 3 2 3
10000000000011011110111101111111 3 2 3 2 7 2 3 2 3
10000000000011011110111111011111 3 2 3 2 7 2 3 2 3
10000000000011011110111111101111 107 2 3 2 2341 2 31 2 3
10000000000011011110111111110111 3 2 3 2 7 2 3 2 3
10000000000011011110111111111101 3 2 3 2 7 2 3 2 3
10000000000011011111001111111111 3 2 3 2 7 2 3 2 3
10000000000011011111011011111111 3 2 3 2 7 2 3 2 3
10000000000011011111011101111111 5 2 3 2 37 2 5 2 3
10000000000011011111011110111111 3 2 3 2 7 2 3 2 3
10000000000011011111011111101111 3 2 3 2 7 2 3 2 3
10000000000011011111011111110111 5 2 3 2 29 2 5 2 3
10000000000011011111011111111011 3 2 3 2 7 2 3 2 3
10000000000011011111100111111111 3 2 3 2 7 2 3 2 3
10000000000011011111101011111111 17 2 3 2 1297 2 11 2 3
10000000000011011111101101111111 3 2 3 2 7 2 3 2 3
10000000000011011111101111011111 3 2 3 2 7 2 3 2 3
10000000000011011111101111101111 11 2 3 2 211 2 47 2 3
10000000000011011111101111110111 3 2 3 2 7 2 3 2 3
10000000000011011111101111111101 3 2 3 2 7 2 3 2 3
10000000000011011111110011111111 3 2 3 2 7 2 3 2 3
10000000000011011111110101111111 269 2 3 2 859 2 31 2 3
10000000000011011111110110111111 3 2 3 2 7 2 3 2 3
10000000000011011111110111011111 787 2 3 2 17 2 11 2 3
10000000000011011111110111101111 3 2 3 2 7 2 3 2 3
10000000000011011111110111110111 13 2 3 2 11 2 67 2 3
10000000000011011111110111111011 3 2 3 2 7 2 3 2 3
10000000000011011111111001111111 3 2 3 2 7 2 3 2 3
10000000000011011111111011011111 3 2 3 2 7 2 3 2 3
10000000000011011111111011110111 3 2 3 2 7 2 3 2 3
10000000000011011111111011111011 7 2 3 2 17 2 17 2 3
10000000000011011111111011111101 3 2 3 2 7 2 3 2 3
10000000000011011111111100111111 3 2 3 2 7 2 3 2 3
10000000000011011111111101011111 11 2 3 2 19 2 89 2 3
10000000000011011111111101101111 3 2 3 2 7 2 3 2 3
10000000000011011111111101110111 5 2 3 2 37 2 5 2 3
10000000000011011111111101111011 3 2 3 2 7 2 3 2 3
10000000000011011111111101111101 13 2 3 2 3089 2 53 2 3
10000000000011011111111110011111 3 2 3 2 7 2 3 2 3
10000000000011011111111110110111 3 2 3 2 7 2 3 2 3
10000000000011011111111110111101 3 2 3 2 7 2 3 2 3
10000000000011011111111111001111 3 2 3 2 7 2 3 2 3
10000000000011011111111111011011 3 2 3 2 7 2 3 2 3
10000000000011011111111111100111 3 2 3 2 7 2 3 2 3
10000000000011011111111111101011 43 2 3 2 4337 2 31 2 3
10000000000011011111111111101101 3 2 3 2 7 2 3 2 3
10000000000011011111111111110011 3 2 3 2 7 2 3 2 3
10000000000011011111111111110101 71 2 3 2 17 2 37 2 3
10000000000011011111111111111001 3 2 3 2 7 2 3 2 3
10000000000011100011111111111111 5 2 3 2 23 2 5 2 3
10000000000011100101111111111111 3 2 3 2 7 2 3 2 3
10000000000011100110111111111111 29 2 3 2 47 2 139 2 3
10000000000011100111011111111111 3 2 3 2 7 2 3 2 3
10000000000011100111101111111111 5 2 3 2 37 2 5 2 3
10000000000011100111110111111111 3 2 3 2 7 2 3 2 3
10000000000011100111111011111111 593 2 3 2 1019 2 19 2 3
10000000000011100111111101111111 3 2 3 2 7 2 3 2 3
10000000000011100111111110111111 5 2 3 2 37 2 5 2 3
10000000000011100111111111011111 3 2 3 2 7 2 3 2 3
10000000000011100111111111101111 7 2 3 2 43 2 23 2 3
10000000000011100111111111110111 3 2 3 2 7 2 3 2 3
10000000000011100111111111111011 5 2 3 2 37 2 5 2 3
10000000000011100111111111111101 3 2 3 2 7 2 3 2 3
10000000000011101010111111111111 41 2 3 2 11 2 29 2 3
10000000000011101011011111111111 5 2 3 2 37 2 5 2 3
10000000000011101011101111111111 71 2 3 2 13 2 11 2 3
10000000000011101011111101111111 5 2 3 2 17 2 5 2 3
10000000000011101011111111011111 11 2 3 2 79 2 113 2 3
10000000000011101011111111110111 5 2 3 2 37 2 5 2 3
10000000000011101100111111111111 7 2 3 2 17 2 73 2 3
10000000000011101101011111111111 3 2 3 2 7 2 3 2 3
10000000000011101101110111111111 3 2 3 2 7 2 3 2 3
10000000000011101101111101111111 3 2 3 2 7 2 3 2 3
10000000000011101101111110111111 7 2 3 2 11 2 73 2 3
10000000000011101101111111011111 3 2 3 2 7 2 3 2 3
10000000000011101101111111110111 3 2 3 2 7 2 3 2 3
10000000000011101101111111111011 61 2 3 2 19 2 103 2 3
10000000000011101101111111111101 3 2 3 2 7 2 3 2 3
10000000000011101110101111111111 7 2 3 2 43 2 53 2 3
10000000000011101110111011111111 5 2 3 2 137 2 1429 2 3
10000000000011101110111101111111 7 2 3 2 43 2 73 2 3
10000000000011101110111111101111 5 2 3 2 11 2 73 2 3
10000000000011101110111111111101 7 2 3 2 43 2 47 2 3
10000000000011101111001111111111 5 2 3 2 37 2 5 2 3
10000000000011101111010111111111 3 2 3 2 7 2 3 2 3
10000000000011101111011011111111 13 2 3 2 13 2 29 2 3
10000000000011101111011101111111 3 2 3 2 7 2 3 2 3
10000000000011101111011110111111 5 2 3 2 37 2 5 2 3
10000000000011101111011111011111 3 2 3 2 7 2 3 2 3
10000000000011101111011111110111 3 2 3 2 7 2 3 2 3
10000000000011101111011111111011 5 2 3 2 37 2 5 2 3
10000000000011101111011111111101 3 2 3 2 7 2 3 2 3
10000000000011101111100111111111 7 2 3 2 43 2 17 2 3
10000000000011101111101011111111 11 2 3 2 71 2 61 2 3
10000000000011101111101101111111 5 2 3 2 37 2 5 2 3
10000000000011101111101110111111 7 2 3 2 17 2 73 2 3
10000000000011101111101111011111 13 2 3 2 47 2 139 2 3
10000000000011101111101111101111 137 2 3 2 31 2 11 2 3
10000000000011101111101111110111 5 2 3 2 37 2 5 2 3
10000000000011101111101111111011 1823 2 3 2 13 2 173 2 3
10000000000011101111101111111101 17 2 3 2 97 2 17 2 3
10000000000011101111110101111111 3 2 3 2 7 2 3 2 3
10000000000011101111110111011111 3 2 3 2 7 2 3 2 3
10000000000011101111110111101111 7 2 3 2 13 2 73 2 3
10000000000011101111110111110111 3 2 3 2 7 2 3 2 3
10000000000011101111110111111011 17 2 3 2 47 2 11 2 3
10000000000011101111110111111101 3 2 3 2 7 2 3 2 3
10000000000011101111111001111111 47 2 3 2 11 2 3019 2 3
10000000000011101111111011101111 5 2 3 2 61 2 37 2 3
10000000000011101111111100111111 5 2 3 2 37 2 5 2 3
10000000000011101111111101011111 3 2 3 2 7 2 3 2 3
10000000000011101111111101110111 3 2 3 2 7 2 3 2 3
10000000000011101111111101111011 5 2 3 2 37 2 5 2 3
10000000000011101111111101111101 3 2 3 2 7 2 3 2 3
10000000000011101111111110011111 19 2 3 2 13 2 53 2 3
10000000000011101111111110101111 7 2 3 2 43 2 73 2 3
10000000000011101111111110110111 5 2 3 2 11 2 5 2 3
10000000000011101111111110111101 7 2 3 2 43 2 73 2 3
10000000000011101111111111010111 3 2 3 2 7 2 3 2 3
10000000000011101111111111011101 3 2 3 2 7 2 3 2 3
10000000000011101111111111100111 7 2 3 2 23 2 73 2 3
10000000000011101111111111101011 19 2 3 2 11 2 167 2 3
10000000000011101111111111110011 5 2 3 2 37 2 5 2 3
10000000000011101111111111110101 3 2 3 2 7 2 3 2 3
10000000000011101111111111111001 17 2 3 2 719 2 17 2 3
10000000000011110001111111111111 3 2 3 2 7 2 3 2 3
10000000000011110010111111111111 5 2 3 2 37 2 5 2 3
10000000000011110011011111111111 3 2 3 2 7 2 3 2 3
10000000000011110011110111111111 3 2 3 2 7 2 3 2 3
10000000000011110011111011111111 5 2 3 2 37 2 5 2 3
10000000000011110011111101111111 3 2 3 2 7 2 3 2 3
10000000000011110011111111011111 3 2 3 2 7 2 3 2 3
10000000000011110011111111101111 5 2 3 2 11 2 5 2 3
10000000000011110011111111110111 3 2 3 2 7 2 3 2 3
10000000000011110011111111111101 3 2 3 2 7 2 3 2 3
10000000000011110100111111111111 3 2 3 2 7 2 3 2 3
10000000000011110101011111111111 5 2 3 2 37 2 5 2 3
10000000000011110101101111111111 3 2 3 2 7 2 3 2 3
10000000000011110101111011111111 3 2 3 2 7 2 3 2 3
10000000000011110101111101111111 5 2 3 2 37 2 5 2 3
10000000000011110101111110111111 3 2 3 2 7 2 3 2 3
10000000000011110101111111101111 3 2 3 2 7 2 3 2 3
10000000000011110101111111110111 5 2 3 2 37 2 5 2 3
10000000000011110101111111111011 3 2 3 2 7 2 3 2 3
10000000000011110101111111111101 7 2 3 2 43 2 73 2 3
10000000000011110110011111111111 3 2 3 2 7 2 3 2 3
10000000000011110110101111111111 5 2 3 2 37 2 5 2 3
10000000000011110110110111111111 3 2 3 2 7 2 3 2 3
10000000000011110110111101111111 3 2 3 2 7 2 3 2 3
10000000000011110110111110111111 5 2 3 2 17 2 5 2 3
10000000000011110110111111011111 3 2 3 2 7 2 3 2 3
10000000000011110110111111110111 3 2 3 2 7 2 3 2 3
10000000000011110110111111111011 5 2 3 2 37 2 5 2 3
10000000000011110110111111111101 3 2 3 2 7 2 3 2 3
10000000000011110111001111111111 3 2 3 2 7 2 3 2 3
10000000000011110111010111111111 5 2 3 2 37 2 5 2 3
10000000000011110111011011111111 3 2 3 2 7 2 3 2 3
10000000000011110111011101111111 43 2 3 2 937 2 47 2 3
10000000000011110111011110111111 3 2 3 2 7 2 3 2 3
10000000000011110111011111011111 5 2 3 2 37 2 5 2 3
10000000000011110111011111101111 3 2 3 2 7 2 3 2 3
10000000000011110111011111111011 3 2 3 2 7 2 3 2 3
10000000000011110111011111111101 5 2 3 2 37 2 5 2 3
10000000000011110111100111111111 3 2 3 2 7 2 3 2 3
10000000000011110111101011111111 5 2 3 2 37 2 5 2 3
10000000000011110111101101111111 3 2 3 2 7 2 3 2 3
10000000000011110111101111011111 3 2 3 2 7 2 3 2 3
10000000000011110111101111101111 5 2 3 2 37 2 5 2 3
10000000000011110111101111110111 3 2 3 2 7 2 3 2 3
10000000000011110111101111111011 211 2 3 2 307 2 19 2 3
10000000000011110111101111111101 3 2 3 2 7 2 3 2 3
10000000000011110111110011111111 3 2 3 2 7 2 3 2 3
10000000000011110111110101111111 5 2 3 2 37 2 5 2 3
10000000000011110111110110111111 3 2 3 2 7 2 3 2 3
10000000000011110111110111101111 3 2 3 2 7 2 3 2 3
10000000000011110111110111110111 5 2 3 2 37 2 5 2 3
10000000000011110111110111111011 3 2 3 2 7 2 3 2 3
10000000000011110111111001111111 3 2 3 2 7 2 3 2 3
10000000000011110111111010111111 5 2 3 2 13 2 5 2 3
10000000000011110111111011011111 3 2 3 2 7 2 3 2 3
10000000000011110111111011101111 257 2 3 2 769 2 11 2 3
10000000000011110111111011110111 3 2 3 2 7 2 3 2 3
10000000000011110111111011111011 5 2 3 2 11 2 5 2 3
10000000000011110111111011111101 3 2 3 2 7 2 3 2 3
10000000000011110111111100111111 3 2 3 2 7 2 3 2 3
10000000000011110111111101011111 5 2 3 2 11 2 5 2 3
10000000000011110111111101101111 3 2 3 2 7 2 3 2 3
10000000000011110111111101110111 53 2 3 2 13 2 23 2 3
10000000000011110111111101111011 3 2 3 2 7 2 3 2 3
10000000000011110111111101111101 5 2 3 2 37 2 5 2 3
10000000000011110111111110011111 3 2 3 2 7 2 3 2 3
10000000000011110111111110101111 5 2 3 2 37 2 5 2 3
10000000000011110111111110110111 3 2 3 2 7 2 3 2 3
10000000000011110111111110111101 3 2 3 2 7 2 3 2 3
10000000000011110111111111001111 3 2 3 2 7 2 3 2 3
10000000000011110111111111010111 5 2 3 2 23 2 5 2 3
10000000000011110111111111011011 3 2 3 2 7 2 3 2 3
10000000000011110111111111011101 2861 2 3 2 53 2 37 2 3
10000000000011110111111111100111 3 2 3 2 7 2 3 2 3
10000000000011110111111111101011 5 2 3 2 37 2 5 2 3
10000000000011110111111111101101 3 2 3 2 7 2 3 2 3
10000000000011110111111111110011 3 2 3 2 7 2 3 2 3
10000000000011110111111111110101 5 2 3 2 37 2 5 2 3
10000000000011110111111111111001 3 2 3 2 7 2 3 2 3
10000000000011111001011111111111 3 2 3 2 7 2 3 2 3
10000000000011111001110111111111 3 2 3 2 7 2 3 2 3
10000000000011111001111011111111 577 2 3 2 73 2 83 2 3
10000000000011111001111101111111 3 2 3 2 7 2 3 2 3
10000000000011111001111111011111 3 2 3 2 7 2 3 2 3
10000000000011111001111111110111 3 2 3 2 7 2 3 2 3
10000000000011111001111111111101 3 2 3 2 7 2 3 2 3
10000000000011111010011111111111 5 2 3 2 29 2 5 2 3
10000000000011111010111101111111 5 2 3 2 37 2 5 2 3
10000000000011111010111111011111 103 2 3 2 157 2 47 2 3
10000000000011111010111111110111 5 2 3 2 37 2 5 2 3
10000000000011111010111111111011 11 2 3 2 17 2 31 2 3
10000000000011111011001111111111 2467 2 3 2 283 2 67 2 3
10000000000011111011010111111111 3 2 3 2 7 2 3 2 3
10000000000011111011011011111111 5 2 3 2 37 2 5 2 3
10000000000011111011011101111111 3 2 3 2 7 2 3 2 3
10000000000011111011011111011111 3 2 3 2 7 2 3 2 3
10000000000011111011011111101111 5 2 3 2 37 2 5 2 3
10000000000011111011011111110111 3 2 3 2 7 2 3 2 3
10000000000011111011011111111101 3 2 3 2 7 2 3 2 3
10000000000011111011101111110111 47 2 3 2 11 2 19 2 3
10000000000011111011101111111101 19 2 3 2 23 2 97 2 3
10000000000011111011110101111111 3 2 3 2 7 2 3 2 3
10000000000011111011110111011111 3 2 3 2 7 2 3 2 3
10000000000011111011110111110111 3 2 3 2 7 2 3 2 3
10000000000011111011110111111101 3 2 3 2 7 2 3 2 3
10000000000011111011111001111111 5 2 3 2 19 2 5 2 3
10000000000011111011111011011111 7 2 3 2 131 2 11 2 3
10000000000011111011111011110111 5 2 3 2 37 2 5 2 3
10000000000011111011111101011111 3 2 3 2 7 2 3 2 3
10000000000011111011111101101111 5 2 3 2 37 2 5 2 3
10000000000011111011111101110111 3 2 3 2 7 2 3 2 3
10000000000011111011111101111011 13 2 3 2 2957 2 31 2 3
10000000000011111011111101111101 3 2 3 2 7 2 3 2 3
10000000000011111011111111001111 31 2 3 2 11 2 157 2 3
10000000000011111011111111010111 3 2 3 2 7 2 3 2 3
10000000000011111011111111011101 3 2 3 2 7 2 3 2 3
10000000000011111011111111100111 5 2 3 2 37 2 5 2 3
10000000000011111011111111110101 3 2 3 2 7 2 3 2 3
10000000000011111100011111111111 3 2 3 2 7 2 3 2 3
10000000000011111100101111111111 7 2 3 2 43 2 29 2 3
10000000000011111100110111111111 3 2 3 2 7 2 3 2 3
10000000000011111100111101111111 3 2 3 2 7 2 3 2 3
