Case #1: 5
Case #2: 2
Case #3: IMPOSSIBLE
Case #4: 2 4
Case #5: 6 14
Case #6: 6 27
Case #7: 18739 37023364 1213766421 12218681440 68992089775 275823349284 876180258289 2361572028256 5626747138635 12179527387300 24413579450029 45952425262464 82072992537991 130164608718963
Case #8: 2
Case #9: 2676 1438944 27838980 199186464 872819700 2851517376 7646109237
Case #10: 2 4 6 8 10 12 14 16 18 20 22 24 26 28 30 32 34 36 38 40 42 44 46 48 50 52 54 56 58 60 62 64 66 68 70 72 74 76 78 80 82 84 86 88 90 92 94 96 98 100 102 104 106 108 110 112 114 116 118 120 122 124 126 128 130 132 134 136 138 140 142 144 146 148 150 152 154 156 158 160 162 164 166 168 170 172 174 176 178 180 182 184 186 188 190 192 194 196 198 200
Case #11: IMPOSSIBLE
Case #12: 2
Case #13: 18739 35933840
Case #14: IMPOSSIBLE
Case #15: IMPOSSIBLE
Case #16: 15
Case #17: 2
Case #18: 2
Case #19: IMPOSSIBLE
Case #20: 57
Case #21: 2
Case #22: 6 28 66 120 190 276 378 496 630 780 946 1128 1224
Case #23: 5
Case #24: 5
Case #25: IMPOSSIBLE
Case #26: 2676 1438944 27838980 199186464 872819700 2851517376 7658768964 17881229760 37578360564 72759252000 131926633476 226688066784 372434324340 589084952064 901901016900 1342365038976 1430380315592
Case #27: IMPOSSIBLE
Case #28: 5
Case #29: 88 3760 25224 90976 239800 522768 1003240 1756864 2871576 4447600 6597448 9445920 13130104 16522272
Case #30: 21 276 1089 2784 5685 10116 16401 24864 35829 49620 66561 86976 111189 139524 172305 209856 252501 300564 354369 414120
Case #31: 1781062944 2697851155774944 29684617211555657
Case #32: 6 14
Case #33: 5
Case #34: 15
Case #35: 1349289 37225639620 3495722461479 69589045215936 652067589682125 3902408570334564 17336055937274235 62261744003882784 190656579316651281 268788701449113768
Case #36: 21 276 1089 2784 5685 10116 16401 24864 35829 49620 66561 86976 111189 139524 172305 209856 252501 300564 354369 414240 480501 553476 633489 720864 815925 918996 992160
Case #37: 2
Case #38: 2
Case #39: 445 66340 756435 3844480 13069225 34884420 79208815 160176160 296885205 514149700 843248395 1322675040 1998888385 2927062180 4171835175 5808061120 7921558765 10609861860 11867367600
Case #40: 21 276 1089 2784 5685 10116 16401 24864 35829 49620 66561 86976 111189 139524 172305 209856 252501 300564 354369 414240 480501 553476 633489 720864 815925 918996 1030401 1150464 1279509 1417860 1565841 1723776 1891989 1950200
Case #41: 5
Case #42: 2
Case #43: 2
Case #44: 2
Case #45: IMPOSSIBLE
Case #46: 88 3760 25224 90976 239800 522768 1003240 1756864 2871576 4447600 6597448 9445920 13130104 17799376 23615400 30752128 39395800 49744944 62010376 76415200 93194808 112596880 134881384 160320576 189169497
Case #47: 2 4 6 8
Case #48: IMPOSSIBLE
Case #49: 2
Case #50: 7666713
Case #51: IMPOSSIBLE
Case #52: IMPOSSIBLE
Case #53: IMPOSSIBLE
Case #54: IMPOSSIBLE
Case #55: 1349289 37225639620 3495722461479 69589045215936 652067589682125 3902408570334564 17336055937274235 62261744003882784 190525529209755825
Case #56: 445 63888
Case #57: IMPOSSIBLE
Case #58: IMPOSSIBLE
Case #59: 6 28 66 120 190 276 378 496 630 780 946 1128 1326 1540 1770 2016 2278 2556 2850 3160 3486 3828 4186 4560 4950 5356 5778 6216 6670 7140 7626 8128 8646 9180 9730 10296 10878 11476 12090 12720 13366 14028 14706 15400 16110 16836 17578 18336 19110 19899
Case #60: 181106559513
Case #61: IMPOSSIBLE
Case #62: 1349289 37225639620 3495722461479 69589045215936 652067589682125 3902408570334564 17336055937274235 62261744003882784 190656579316651281 515733370354073700 1263291683991030639 1387537020389202632
Case #63: 148421911 58858038624484 2811413622354939
Case #64: IMPOSSIBLE
Case #65: 149920 1101831616 40439491488
Case #66: 10953
Case #67: IMPOSSIBLE
Case #68: IMPOSSIBLE
Case #69: 2
Case #70: 2 4 6 8 10 12 14 16 18 20 22 24 26 28 30 32 34 36 38 40 42 44 46 48 50 52 54 56 58 60 62 64 66 68 70 72 74 76 78 80 82 84 86 88 90 92 94 96 98 100 102 104 106 108 110 112 114 116 118 120 122 124 126 128 130 132 134 136 138 140 142 144 146 148 150 152 154 156 158 160 162
Case #71: 15
Case #72: 148421911 58858038624484 10466804889657072
Case #73: 88 3760 25224 90976 239800 522768 1003240 1338147
Case #74: 2
Case #75: 1349289 37225639620 3495722461479 69302326814280
Case #76: 2 4 6 8 10 12 14 16 18 20 22 24 26 28 30 32 34 36 38 40 42 44 46 48 50 52 54 56
Case #77: IMPOSSIBLE
Case #78: 15
Case #79: 149920 1101831616 61155022944 865837143424 3156626118720
Case #80: 57
Case #81: 2676 1438944 27838980 199186464 872819700 2851517376 7658768964 17881229760 37578360564 72759252000 131926633476 226688066784 246834488600
Case #82: IMPOSSIBLE
Case #83: IMPOSSIBLE
Case #84: 2 4 6
Case #85: IMPOSSIBLE
Case #86: IMPOSSIBLE
Case #87: 7666713
Case #88: 149920 1101831616 61155022944 865837143424 6298402189600 30809559140160 72160563770208
Case #89: 149920 1101831616 61155022944 865837143424 6298402189600 30809559140160 115741350540256 360111816872704 972720147021984 2352352049787825
Case #90: 21 56
Case #91: IMPOSSIBLE
Case #92: 86553
Case #93: 10953
Case #94: 2
Case #95: 2676 1438944 27838980 199186464 872819700 2851517376 7658768964 17881229760 37578360564 72759252000 119871855240
Case #96: 149920 1101831616 61155022944 480127516775
Case #97: 1349289 37225639620 3495722461479 69589045215936 652067589682125 3902408570334564 17336055937274235 62261744003882784 190656579316651281 240007445037804675
Case #98: 15
Case #99: IMPOSSIBLE
Case #100: IMPOSSIBLE

